#
# An unexpected error has been detected by Java Runtime Environment:
#
#  EXCEPTION_ACCESS_VIOLATION (0xc0000005) at pc=0x78728d46, pid=4056, tid=1016
#
# Java VM: Java HotSpot(TM) Client VM (1.6.0-b105 mixed mode)
# Problematic frame:
# C  [hg.dll+0xa8d46]
#
# If you would like to submit a bug report, please visit:
#   http://java.sun.com/webapps/bugreport/crash.jsp
#

---------------  T H R E A D  ---------------

Current thread (0x033bc800):  JavaThread "main" [_thread_in_native, id=1016]

siginfo: ExceptionCode=0xc0000005, reading address 0x00000120

Registers:
EAX=0x00000000, EBX=0x00ce75ef, ECX=0x00000064, EDX=0x00000000
ESP=0x00ce75a0, EBP=0x00ce75a0, ESI=0x78777820, EDI=0x00ce75e4
EIP=0x78728d46, EFLAGS=0x00010246

Top of Stack: (sp=0x00ce75a0)
0x00ce75a0:   00ce75b8 787382b2 00000000 00000000
0x00ce75b0:   00000000 7a649000 00ce75f0 78738475
0x00ce75c0:   00000000 78777820 00ce75e0 00ce75e4
0x00ce75d0:   00ce75ef 00ce75e8 00000000 15528120
0x00ce75e0:   78777820 00000000 00000000 00000001
0x00ce75f0:   00ce7610 786ebd59 00000000 78777820
0x00ce7600:   15528120 0152b500 0152fdf0 0d7808f8
0x00ce7610:   00ce762c 786ebdc0 022b0720 7b05155c 

Instructions: (pc=0x78728d46)
0x78728d36:   8b 80 88 01 00 00 5d c3 cc cc 55 8b ec 8b 45 08
0x78728d46:   8b 80 20 01 00 00 5d c3 cc cc 55 8b ec 8b 55 08 


Stack: [0x004f0000,0x00cf0000),  sp=0x00ce75a0,  free space=8157k
Native frames: (J=compiled Java code, j=interpreted, Vv=VM code, C=native code)
C  [hg.dll+0xa8d46]
C  [hg.dll+0xb82b2]
C  [hg.dll+0xb8475]
C  [hg.dll+0x6bd59]
C  [hg.dll+0x6bdc0]
C  [jmi.dll+0x1e94a]
j  com.mathworks.jmi.NativeMatlab.processPendingEvents()Z+8
j  com.mathworks.jmi.Matlab$ProcessPendingEvents.callBooleanMethod(Ljava/lang/Object;)Z+0
j  com.mathworks.util.FactoryUtils.processPendingEvents()Z+12
j  com.mathworks.mde.desk.MLDesktop.canClose()Z+84
v  ~StubRoutines::call_stub

Java frames: (J=compiled Java code, j=interpreted, Vv=VM code)
j  com.mathworks.jmi.NativeMatlab.ProcessPendingEvents()Z+0
j  com.mathworks.jmi.NativeMatlab.processPendingEvents()Z+8
j  com.mathworks.jmi.Matlab$ProcessPendingEvents.callBooleanMethod(Ljava/lang/Object;)Z+0
j  com.mathworks.util.FactoryUtils.processPendingEvents()Z+12
j  com.mathworks.mde.desk.MLDesktop.canClose()Z+84
v  ~StubRoutines::call_stub
j  sun.reflect.NativeMethodAccessorImpl.invoke0(Ljava/lang/reflect/Method;Ljava/lang/Object;[Ljava/lang/Object;)Ljava/lang/Object;+0
j  sun.reflect.NativeMethodAccessorImpl.invoke(Ljava/lang/Object;[Ljava/lang/Object;)Ljava/lang/Object;+87
J  sun.reflect.DelegatingMethodAccessorImpl.invoke(Ljava/lang/Object;[Ljava/lang/Object;)Ljava/lang/Object;
J  java.lang.reflect.Method.invoke(Ljava/lang/Object;[Ljava/lang/Object;)Ljava/lang/Object;
j  com.mathworks.jmi.Matlab.isOkToExit()Z+71
v  ~StubRoutines::call_stub
J  com.mathworks.jmi.NativeMatlab.SendMatlabMessage(Ljava/lang/Object;)Ljava/lang/Object;
J  com.mathworks.jmi.Matlab.mtFevalConsoleOutput(Ljava/lang/String;[Ljava/lang/Object;I)Ljava/lang/Object;
j  com.mathworks.mde.desk.MLDesktop$5.run()V+14
J  com.mathworks.jmi.NativeMatlab.dispatchMTRequests(Z)V
v  ~StubRoutines::call_stub

---------------  P R O C E S S  ---------------

Java Threads: ( => current thread )
  0x5e8e5c00 JavaThread "Timer-MWToolTip" [_thread_blocked, id=2792]
  0x5e7d8800 JavaThread "Timer-5" [_thread_blocked, id=2132]
  0x5ec7f400 JavaThread "Prefs Updater" [_thread_blocked, id=812]
  0x116cb000 JavaThread "Thread-19" [_thread_blocked, id=3248]
  0x5e43c000 JavaThread "Timer-InstrumentReadWritePoll" [_thread_blocked, id=1272]
  0x5e8aa400 JavaThread "Active Reference Queue Daemon" daemon [_thread_blocked, id=952]
  0x116b2c00 JavaThread "Timer-4" daemon [_thread_blocked, id=2192]
  0x5ebf1400 JavaThread "Timer-2" daemon [_thread_blocked, id=2376]
  0x5e628800 JavaThread "TimerQueue" daemon [_thread_blocked, id=2640]
  0x5e985c00 JavaThread "AWT-EventQueue-0" [_thread_in_vm, id=2652]
  0x5e3d3000 JavaThread "Timer-0" [_thread_blocked, id=2560]
  0x116da800 JavaThread "AWT-Windows" daemon [_thread_in_native, id=2588]
  0x5e3d0400 JavaThread "AWT-Shutdown" [_thread_blocked, id=2444]
  0x5e3ae400 JavaThread "Java2D Disposer" daemon [_thread_blocked, id=3844]
  0x11677400 JavaThread "Low Memory Detector" daemon [_thread_blocked, id=2540]
  0x11672800 JavaThread "CompilerThread0" daemon [_thread_blocked, id=2188]
  0x1166e000 JavaThread "Attach Listener" daemon [_thread_blocked, id=2344]
  0x1166d800 JavaThread "Signal Dispatcher" daemon [_thread_blocked, id=900]
  0x1165c800 JavaThread "Finalizer" daemon [_thread_blocked, id=2260]
  0x11658400 JavaThread "Reference Handler" daemon [_thread_blocked, id=992]
=>0x033bc800 JavaThread "main" [_thread_in_native, id=1016]

Other Threads:
  0x11655400 VMThread [id=1572]
  0x11682000 WatcherThread [id=2552]

VM state:not at safepoint (normal execution)

VM Mutex/Monitor currently owned by a thread:  ([mutex/lock_event])
[0x033baee8/0x00000204] CodeCache_lock - owner thread: 0x5e985c00
[0x033bb578/0x000002f0] Compile_lock - owner thread: 0x5e985c00

Heap
 def new generation   total 29504K, used 19325K [0x05570000, 0x07570000, 0x07570000)
  eden space 26240K,  66% used [0x05570000, 0x06681708, 0x06f10000)
  from space 3264K,  56% used [0x06f10000, 0x070de098, 0x07240000)
  to   space 3264K,   0% used [0x07240000, 0x07240000, 0x07570000)
 tenured generation   total 98304K, used 39365K [0x07570000, 0x0d570000, 0x0d570000)
   the space 98304K,  40% used [0x07570000, 0x09be16f8, 0x09be1800, 0x0d570000)
 compacting perm gen  total 32768K, used 30552K [0x0d570000, 0x0f570000, 0x11570000)
   the space 32768K,  93% used [0x0d570000, 0x0f3463d8, 0x0f346400, 0x0f570000)
No shared spaces configured.

Dynamic libraries:
0x00400000 - 0x004eb000 	D:\Program Files\MATLAB\R2007b\bin\win32\MATLAB.exe
0x7c920000 - 0x7c9b3000 	C:\WINDOWS\system32\ntdll.dll
0x7c800000 - 0x7c91e000 	C:\WINDOWS\system32\kernel32.dll
0x7aca0000 - 0x7aeba000 	D:\Program Files\MATLAB\R2007b\bin\win32\libmwservices.dll
0x7aec0000 - 0x7af1d000 	D:\Program Files\MATLAB\R2007b\bin\win32\libmwmathutil.dll
0x7ac50000 - 0x7ac9f000 	D:\Program Files\MATLAB\R2007b\bin\win32\libmx.dll
0x7ab80000 - 0x7ac4e000 	D:\Program Files\MATLAB\R2007b\bin\win32\libut.dll
0x76c60000 - 0x76c88000 	C:\WINDOWS\system32\imagehlp.dll
0x77be0000 - 0x77c38000 	C:\WINDOWS\system32\msvcrt.dll
0x76bc0000 - 0x76bcb000 	C:\WINDOWS\system32\PSAPI.DLL
0x789a0000 - 0x78b62000 	D:\Program Files\MATLAB\R2007b\bin\win32\xerces-c_2_7.dll
0x7af20000 - 0x7aff7000 	D:\Program Files\MATLAB\R2007b\bin\win32\icuuc36.dll
0x77da0000 - 0x77e49000 	C:\WINDOWS\system32\ADVAPI32.dll
0x77e50000 - 0x77ee2000 	C:\WINDOWS\system32\RPCRT4.dll
0x77fc0000 - 0x77fd1000 	C:\WINDOWS\system32\Secur32.dll
0x7a770000 - 0x7a774000 	D:\Program Files\MATLAB\R2007b\bin\win32\icudt36.dll
0x78130000 - 0x781cb000 	C:\WINDOWS\WinSxS\x86_Microsoft.VC80.CRT_1fc8b3b9a1e18e3b_8.0.50727.762_x-ww_6b128700\MSVCR80.dll
0x71a20000 - 0x71a37000 	C:\WINDOWS\system32\WS2_32.dll
0x71a10000 - 0x71a18000 	C:\WINDOWS\system32\WS2HELP.dll
0x7a9e0000 - 0x7aaa2000 	D:\Program Files\MATLAB\R2007b\bin\win32\icuin36.dll
0x7a780000 - 0x7a78c000 	D:\Program Files\MATLAB\R2007b\bin\win32\icuio36.dll
0x7c420000 - 0x7c4a7000 	C:\WINDOWS\WinSxS\x86_Microsoft.VC80.CRT_1fc8b3b9a1e18e3b_8.0.50727.762_x-ww_6b128700\MSVCP80.dll
0x77d10000 - 0x77da0000 	C:\WINDOWS\system32\USER32.dll
0x77ef0000 - 0x77f39000 	C:\WINDOWS\system32\GDI32.dll
0x78620000 - 0x78632000 	D:\Program Files\MATLAB\R2007b\bin\win32\zlib1.dll
0x79120000 - 0x79154000 	D:\Program Files\MATLAB\R2007b\bin\win32\mpath.dll
0x5d170000 - 0x5d20a000 	C:\WINDOWS\system32\COMCTL32.dll
0x76320000 - 0x76367000 	C:\WINDOWS\system32\comdlg32.dll
0x7d590000 - 0x7dd84000 	C:\WINDOWS\system32\SHELL32.dll
0x77f40000 - 0x77fb6000 	C:\WINDOWS\system32\SHLWAPI.dll
0x5fdd0000 - 0x5fe25000 	C:\WINDOWS\system32\NETAPI32.dll
0x796e0000 - 0x79713000 	D:\Program Files\MATLAB\R2007b\bin\win32\mcr.dll
0x78500000 - 0x78518000 	D:\Program Files\MATLAB\R2007b\bin\win32\bridge.dll
0x7a790000 - 0x7a79d000 	D:\Program Files\MATLAB\R2007b\bin\win32\iqm.dll
0x7a7b0000 - 0x7a7be000 	D:\Program Files\MATLAB\R2007b\bin\win32\libmex.dll
0x79550000 - 0x795a4000 	D:\Program Files\MATLAB\R2007b\bin\win32\m_dispatcher.dll
0x78520000 - 0x7853c000 	D:\Program Files\MATLAB\R2007b\bin\win32\datasvcs.dll
0x79c60000 - 0x7a0f2000 	D:\Program Files\MATLAB\R2007b\bin\win32\m_interpreter.dll
0x78540000 - 0x78560000 	D:\Program Files\MATLAB\R2007b\bin\win32\libmat.dll
0x7aab0000 - 0x7ab78000 	D:\Program Files\MATLAB\R2007b\bin\win32\libhdf5.dll
0x7a810000 - 0x7a819000 	D:\Program Files\MATLAB\R2007b\bin\win32\libmwmathrng.dll
0x790e0000 - 0x79111000 	D:\Program Files\MATLAB\R2007b\bin\win32\m_ir.dll
0x79790000 - 0x79c58000 	D:\Program Files\MATLAB\R2007b\bin\win32\m_parser.dll
0x7a7a0000 - 0x7a7ac000 	D:\Program Files\MATLAB\R2007b\bin\win32\ir_xfmr.dll
0x782e0000 - 0x783df000 	D:\Program Files\MATLAB\R2007b\bin\win32\mcos.dll
0x7a840000 - 0x7a84a000 	D:\Program Files\MATLAB\R2007b\bin\win32\mtok.dll
0x78580000 - 0x78595000 	D:\Program Files\MATLAB\R2007b\bin\win32\m_pcodegen.dll
0x785a0000 - 0x785b2000 	D:\Program Files\MATLAB\R2007b\bin\win32\m_pcodeio.dll
0x79460000 - 0x794a7000 	D:\Program Files\MATLAB\R2007b\bin\win32\profiler.dll
0x7a760000 - 0x7a76d000 	D:\Program Files\MATLAB\R2007b\bin\win32\boost_thread-vc80-mt-1_33_1.dll
0x7a640000 - 0x7a6c8000 	D:\Program Files\MATLAB\R2007b\bin\win32\udd.dll
0x79410000 - 0x79458000 	D:\Program Files\MATLAB\R2007b\bin\win32\comcli.dll
0x79020000 - 0x79055000 	D:\Program Files\MATLAB\R2007b\bin\win32\jmi.dll
0x71a40000 - 0x71a4b000 	C:\WINDOWS\system32\WSOCK32.dll
0x7a6d0000 - 0x7a75b000 	D:\Program Files\MATLAB\R2007b\bin\win32\uiw.dll
0x7b000000 - 0x7b0d6000 	D:\Program Files\MATLAB\R2007b\bin\win32\libmwgui.dll
0x78d40000 - 0x78d6a000 	D:\Program Files\MATLAB\R2007b\bin\win32\libmwhardcopy.dll
0x790a0000 - 0x790d2000 	D:\Program Files\MATLAB\R2007b\bin\win32\libuij.dll
0x7a880000 - 0x7a889000 	D:\Program Files\MATLAB\R2007b\bin\win32\uinone.dll
0x781d0000 - 0x782df000 	C:\WINDOWS\WinSxS\x86_Microsoft.VC80.MFC_1fc8b3b9a1e18e3b_8.0.50727.762_x-ww_3bf8fa05\MFC80.DLL
0x72f70000 - 0x72f96000 	C:\WINDOWS\system32\WINSPOOL.DRV
0x76990000 - 0x76acd000 	C:\WINDOWS\system32\ole32.dll
0x770f0000 - 0x7717b000 	C:\WINDOWS\system32\OLEAUT32.dll
0x7c630000 - 0x7c64b000 	C:\WINDOWS\WinSxS\x86_Microsoft.VC80.ATL_1fc8b3b9a1e18e3b_8.0.50727.762_x-ww_cbb27474\ATL80.DLL
0x78680000 - 0x787e8000 	D:\Program Files\MATLAB\R2007b\bin\win32\hg.dll
0x787f0000 - 0x7899e000 	D:\Program Files\MATLAB\R2007b\bin\win32\numerics.dll
0x7a7c0000 - 0x7a7c7000 	D:\Program Files\MATLAB\R2007b\bin\win32\libmwamd.dll
0x794b0000 - 0x79508000 	D:\Program Files\MATLAB\R2007b\bin\win32\libmwcholmod.dll
0x7a7f0000 - 0x7a7f7000 	D:\Program Files\MATLAB\R2007b\bin\win32\libmwcolamd.dll
0x78560000 - 0x7857a000 	D:\Program Files\MATLAB\R2007b\bin\win32\libmwlapack.dll
0x7a7d0000 - 0x7a7dc000 	D:\Program Files\MATLAB\R2007b\bin\win32\libmwbinder.dll
0x7a7e0000 - 0x7a7e9000 	D:\Program Files\MATLAB\R2007b\bin\win32\libmwblas.dll
0x7a800000 - 0x7a807000 	D:\Program Files\MATLAB\R2007b\bin\win32\libmwcsparse.dll
0x78d70000 - 0x78d96000 	D:\Program Files\MATLAB\R2007b\bin\win32\libmwma57.dll
0x7a930000 - 0x7a9d9000 	D:\Program Files\MATLAB\R2007b\bin\win32\libifcoremd.dll
0x79160000 - 0x7940c000 	D:\Program Files\MATLAB\R2007b\bin\win32\libmmd.dll
0x79670000 - 0x796dc000 	D:\Program Files\MATLAB\R2007b\bin\win32\libmwumfpack.dll
0x7a5b0000 - 0x7a638000 	D:\Program Files\MATLAB\R2007b\bin\win32\libfftw3.dll
0x7a890000 - 0x7a92c000 	D:\Program Files\MATLAB\R2007b\bin\win32\libfftw3f.dll
0x7a830000 - 0x7a83b000 	D:\Program Files\MATLAB\R2007b\bin\win32\mlautoregister.dll
0x785c0000 - 0x785d2000 	D:\Program Files\MATLAB\R2007b\bin\win32\mwoles05.DLL
0x79720000 - 0x79785000 	D:\Program Files\MATLAB\R2007b\bin\win32\udd_mi.dll
0x76300000 - 0x7631d000 	C:\WINDOWS\system32\IMM32.DLL
0x62c20000 - 0x62c29000 	C:\WINDOWS\system32\LPK.DLL
0x73fa0000 - 0x7400b000 	C:\WINDOWS\system32\USP10.dll
0x77180000 - 0x77283000 	C:\WINDOWS\WinSxS\x86_Microsoft.Windows.Common-Controls_6595b64144ccf1df_6.0.2600.5512_x-ww_35d4ce83\comctl32.dll
0x5d360000 - 0x5d36a000 	C:\WINDOWS\WinSxS\x86_Microsoft.VC80.MFCLOC_1fc8b3b9a1e18e3b_8.0.50727.762_x-ww_91481303\MFC80CHS.DLL
0x7a100000 - 0x7a5b0000 	D:\Program Files\MATLAB\R2007b\bin\win32\mllapack.dll
0x7b3f0000 - 0x7bcc7000 	D:\Program Files\MATLAB\R2007b\bin\win32\mkl.dll
0x79060000 - 0x79095000 	D:\Program Files\MATLAB\R2007b\bin\win32\libguide40.dll
0x7b0e0000 - 0x7b0e5000 	D:\Program Files\MATLAB\R2007b\bin\win32\mklcompat.dll
0x74680000 - 0x746cc000 	C:\WINDOWS\system32\MSCTF.dll
0x73640000 - 0x7366e000 	C:\WINDOWS\system32\msctfime.ime
0x741f0000 - 0x741f4000 	C:\WINDOWS\system32\icmp.Dll
0x76d30000 - 0x76d48000 	C:\WINDOWS\system32\iphlpapi.dll
0x78dd0000 - 0x79017000 	D:\Program Files\MATLAB\R2007b\sys\java\jre\win32\jre1.6.0\bin\client\jvm.dll
0x76b10000 - 0x76b3a000 	C:\WINDOWS\system32\WINMM.dll
0x795b0000 - 0x79606000 	D:\Program Files\MATLAB\R2007b\bin\win32\MSVCR71.dll
0x79510000 - 0x79518000 	D:\Program Files\MATLAB\R2007b\sys\java\jre\win32\jre1.6.0\bin\hpi.dll
0x79530000 - 0x7953c000 	D:\Program Files\MATLAB\R2007b\sys\java\jre\win32\jre1.6.0\bin\verify.dll
0x78640000 - 0x7865f000 	D:\Program Files\MATLAB\R2007b\sys\java\jre\win32\jre1.6.0\bin\java.dll
0x79540000 - 0x7954f000 	D:\Program Files\MATLAB\R2007b\sys\java\jre\win32\jre1.6.0\bin\zip.dll
0x78b70000 - 0x78d33000 	D:\Program Files\MATLAB\R2007b\sys\java\jre\win32\jre1.6.0\bin\awt.dll
0x785e0000 - 0x785f2000 	D:\Program Files\MATLAB\R2007b\bin\win32\nativejava.dll
0x78600000 - 0x78611000 	D:\Program Files\MATLAB\R2007b\bin\win32\nativejmi.dll
0x7a870000 - 0x7a876000 	D:\Program Files\MATLAB\R2007b\bin\win32\nativeservices.dll
0x79610000 - 0x79663000 	D:\Program Files\MATLAB\R2007b\sys\java\jre\win32\jre1.6.0\bin\fontmanager.dll
0x78660000 - 0x78673000 	D:\Program Files\MATLAB\R2007b\sys\java\jre\win32\jre1.6.0\bin\net.dll
0x719c0000 - 0x719fe000 	C:\WINDOWS\system32\mswsock.dll
0x60fd0000 - 0x61025000 	C:\WINDOWS\system32\hnetcfg.dll
0x5f170000 - 0x5f177000 	C:\WINDOWS\System32\wship6.dll
0x79520000 - 0x79529000 	D:\Program Files\MATLAB\R2007b\sys\java\jre\win32\jre1.6.0\bin\nio.dll
0x7a860000 - 0x7a866000 	D:\Program Files\MATLAB\R2007b\bin\win32\nativelex.dll
0x7a850000 - 0x7a85c000 	D:\Program Files\MATLAB\R2007b\bin\win32\nativecmdwin.dll
0x78da0000 - 0x78dc3000 	D:\Program Files\MATLAB\R2007b\sys\java\jre\win32\jre1.6.0\bin\dcpr.dll
0x02d00000 - 0x02d0c000 	C:\WINDOWS\System32\spool\DRIVERS\W32X86\3\mdiui.dll
0x7c9c0000 - 0x7cc7c000 	C:\WINDOWS\system32\msi.dll
0x76060000 - 0x761b6000 	C:\WINDOWS\system32\SETUPAPI.dll
0x759d0000 - 0x75a7f000 	C:\WINDOWS\system32\USERENV.dll
0x76d70000 - 0x76d92000 	C:\WINDOWS\system32\appHelp.dll
0x76fa0000 - 0x7701f000 	C:\WINDOWS\system32\CLBCATQ.DLL
0x77020000 - 0x770ba000 	C:\WINDOWS\system32\COMRes.dll
0x77bd0000 - 0x77bd8000 	C:\WINDOWS\system32\VERSION.dll
0x783e0000 - 0x784fa000 	D:\Program Files\MATLAB\R2007b\bin\win32\libmwbuiltins.dll
0x76960000 - 0x76984000 	C:\WINDOWS\system32\ntshrui.dll
0x76af0000 - 0x76b01000 	C:\WINDOWS\system32\ATL.DLL
0x5adc0000 - 0x5adf7000 	C:\WINDOWS\system32\UxTheme.dll
0x15d10000 - 0x16259000 	C:\WINDOWS\system32\xpsp2res.dll

VM Arguments:
jvm_args: -Xss512k -XX:PermSize=32M -Xms64m -XX:NewRatio=3 -XX:MaxPermSize=64M -Xmx128m -XX:MaxDirectMemorySize=1200000000 -Dsun.java2d.noddraw=true -Dsun.awt.nopixfmt=true -Xshare:off -Djava.library.path=D:\Program Files\MATLAB\R2007b\bin\win32 vfprintf abort
java_command: <unknown>
Launcher Type: generic

Environment Variables:
PATH=C:\Program Files\Microsoft Visual Studio\Common\Tools;C:\Program Files\Microsoft Visual Studio\Common\Msdev98\BIN;C:\Program Files\Microsoft Visual Studio\DF98\BIN;C:\Program Files\Microsoft Visual Studio\VC98\BIN;C:\WINDOWS\system32;C:\WINDOWS;C:\WINDOWS\System32\Wbem
USERNAME=Administrator
OS=Windows_NT
PROCESSOR_IDENTIFIER=x86 Family 6 Model 14 Stepping 8, GenuineIntel



---------------  S Y S T E M  ---------------

OS: Windows XP Build 2600 Service Pack 3

CPU:total 2 family 6, cmov, cx8, fxsr, mmx, sse, sse2

Memory: 4k page, physical 2619756k(1951592k free), swap 2463020k(1966768k free)

vm_info: Java HotSpot(TM) Client VM (1.6.0-b105) for windows-x86, built on Nov 29 2006 00:48:48 by "java_re" with unknown MS VC++:1310

